<?xml version="1.0" encoding="UTF-8"?>
<!-- Generated by org.testng.reporters.JUnitReportReporter -->
<testsuite hostname="ANBHAGWAT2L2" failures="0" tests="2" name="firsttestngpackage.FirstTestNGFile2" time="0.009" errors="0" timestamp="09 Jun 2018 11:52:33 GMT" skipped="0">
  <testcase classname="firsttestngpackage.FirstTestNGFile2" name="f1" time="0.008"/>
  <testcase classname="firsttestngpackage.FirstTestNGFile2" name="f2" time="0.001"/>
</testsuite> <!-- firsttestngpackage.FirstTestNGFile2 -->
