<?xml version="1.0" encoding="UTF-8"?>
<!-- Generated by org.testng.reporters.JUnitReportReporter -->
<testsuite hostname="ANBHAGWAT2L2" failures="0" tests="1" name="firsttestngpackage.FirstTestNGFile" time="11.889" errors="0" timestamp="07 Jun 2018 01:48:32 GMT" skipped="0">
  <testcase classname="firsttestngpackage.FirstTestNGFile" name="f" time="11.889"/>
</testsuite> <!-- firsttestngpackage.FirstTestNGFile -->
